{"C:\\Users\\Marco\\Projects\\react\\rock-paper-scissors\\constants\\constants.js": {"path":"C:\\Users\\Marco\\Projects\\react\\rock-paper-scissors\\constants\\constants.js","statementMap":{"0":{"start":{"line":1,"column":0},"end":{"line":1,"column":22}},"1":{"start":{"line":2,"column":0},"end":{"line":2,"column":24}},"2":{"start":{"line":3,"column":0},"end":{"line":3,"column":30}},"3":{"start":{"line":4,"column":0},"end":{"line":4,"column":20}},"4":{"start":{"line":5,"column":0},"end":{"line":5,"column":20}},"5":{"start":{"line":6,"column":0},"end":{"line":6,"column":28}},"6":{"start":{"line":7,"column":0},"end":{"line":7,"column":28}},"7":{"start":{"line":8,"column":0},"end":{"line":8,"column":20}},"8":{"start":{"line":9,"column":0},"end":{"line":9,"column":42}},"9":{"start":{"line":10,"column":0},"end":{"line":10,"column":44}},"10":{"start":{"line":11,"column":0},"end":{"line":11,"column":44}},"11":{"start":{"line":12,"column":0},"end":{"line":12,"column":40}},"12":{"start":{"line":13,"column":0},"end":{"line":13,"column":38}}},"fnMap":{},"branchMap":{},"s":{"0":1,"1":1,"2":1,"3":1,"4":1,"5":1,"6":1,"7":1,"8":1,"9":1,"10":1,"11":1,"12":1},"f":{},"b":{},"_coverageSchema":"1a1c01bbd47fc00a2c39e90264f33305004495a9","hash":"302e280c19b477c2882329ce8ca0865aec98415f"}
,"C:\\Users\\Marco\\Projects\\react\\rock-paper-scissors\\src\\index.js": {"path":"C:\\Users\\Marco\\Projects\\react\\rock-paper-scissors\\src\\index.js","statementMap":{"0":{"start":{"line":1,"column":13},"end":{"line":1,"column":19}},"1":{"start":{"line":2,"column":14},"end":{"line":2,"column":21}},"2":{"start":{"line":3,"column":17},"end":{"line":3,"column":27}},"3":{"start":{"line":4,"column":12},"end":{"line":4,"column":17}},"4":{"start":{"line":5,"column":12},"end":{"line":5,"column":17}},"5":{"start":{"line":6,"column":16},"end":{"line":6,"column":25}},"6":{"start":{"line":7,"column":16},"end":{"line":7,"column":25}},"7":{"start":{"line":8,"column":12},"end":{"line":8,"column":17}},"8":{"start":{"line":9,"column":23},"end":{"line":9,"column":39}},"9":{"start":{"line":10,"column":24},"end":{"line":10,"column":41}},"10":{"start":{"line":11,"column":24},"end":{"line":11,"column":41}},"11":{"start":{"line":12,"column":22},"end":{"line":12,"column":37}},"12":{"start":{"line":13,"column":21},"end":{"line":13,"column":35}},"13":{"start":{"line":14,"column":16},"end":{"line":14,"column":39}},"14":{"start":{"line":21,"column":24},"end":{"line":21,"column":66}},"15":{"start":{"line":22,"column":4},"end":{"line":22,"column":95}},"16":{"start":{"line":23,"column":4},"end":{"line":23,"column":34}},"17":{"start":{"line":30,"column":4},"end":{"line":30,"column":16}},"18":{"start":{"line":31,"column":4},"end":{"line":31,"column":37}},"19":{"start":{"line":38,"column":23},"end":{"line":38,"column":53}},"20":{"start":{"line":39,"column":23},"end":{"line":39,"column":53}},"21":{"start":{"line":40,"column":4},"end":{"line":42,"column":5}},"22":{"start":{"line":41,"column":8},"end":{"line":41,"column":19}},"23":{"start":{"line":43,"column":4},"end":{"line":47,"column":5}},"24":{"start":{"line":44,"column":8},"end":{"line":44,"column":23}},"25":{"start":{"line":46,"column":8},"end":{"line":46,"column":23}},"26":{"start":{"line":49,"column":0},"end":{"line":49,"column":20}},"27":{"start":{"line":55,"column":4},"end":{"line":55,"column":83}},"28":{"start":{"line":56,"column":4},"end":{"line":56,"column":81}},"29":{"start":{"line":57,"column":4},"end":{"line":58,"column":22}},"30":{"start":{"line":67,"column":4},"end":{"line":67,"column":19}},"31":{"start":{"line":68,"column":4},"end":{"line":68,"column":28}},"32":{"start":{"line":69,"column":4},"end":{"line":69,"column":78}},"33":{"start":{"line":70,"column":4},"end":{"line":70,"column":78}},"34":{"start":{"line":71,"column":4},"end":{"line":71,"column":60}},"35":{"start":{"line":81,"column":4},"end":{"line":81,"column":19}},"36":{"start":{"line":82,"column":4},"end":{"line":82,"column":28}},"37":{"start":{"line":83,"column":4},"end":{"line":83,"column":77}},"38":{"start":{"line":84,"column":4},"end":{"line":84,"column":78}},"39":{"start":{"line":85,"column":4},"end":{"line":85,"column":21}},"40":{"start":{"line":86,"column":4},"end":{"line":86,"column":70}},"41":{"start":{"line":93,"column":4},"end":{"line":93,"column":27}},"42":{"start":{"line":94,"column":4},"end":{"line":94,"column":28}},"43":{"start":{"line":95,"column":4},"end":{"line":113,"column":7}},"44":{"start":{"line":96,"column":8},"end":{"line":96,"column":81}},"45":{"start":{"line":97,"column":8},"end":{"line":112,"column":10}},"46":{"start":{"line":99,"column":12},"end":{"line":99,"column":35}},"47":{"start":{"line":100,"column":12},"end":{"line":100,"column":36}},"48":{"start":{"line":101,"column":27},"end":{"line":101,"column":52}},"49":{"start":{"line":102,"column":12},"end":{"line":111,"column":13}},"50":{"start":{"line":104,"column":20},"end":{"line":104,"column":65}},"51":{"start":{"line":105,"column":20},"end":{"line":105,"column":26}},"52":{"start":{"line":107,"column":20},"end":{"line":107,"column":65}},"53":{"start":{"line":108,"column":20},"end":{"line":108,"column":26}},"54":{"start":{"line":110,"column":20},"end":{"line":110,"column":78}},"55":{"start":{"line":121,"column":4},"end":{"line":121,"column":28}},"56":{"start":{"line":122,"column":4},"end":{"line":122,"column":28}},"57":{"start":{"line":123,"column":20},"end":{"line":123,"column":45}},"58":{"start":{"line":124,"column":20},"end":{"line":124,"column":45}},"59":{"start":{"line":125,"column":4},"end":{"line":134,"column":5}},"60":{"start":{"line":127,"column":12},"end":{"line":127,"column":63}},"61":{"start":{"line":128,"column":12},"end":{"line":128,"column":18}},"62":{"start":{"line":130,"column":12},"end":{"line":130,"column":63}},"63":{"start":{"line":131,"column":12},"end":{"line":131,"column":18}},"64":{"start":{"line":133,"column":12},"end":{"line":133,"column":70}},"65":{"start":{"line":141,"column":4},"end":{"line":141,"column":64}},"66":{"start":{"line":142,"column":4},"end":{"line":142,"column":60}},"67":{"start":{"line":143,"column":4},"end":{"line":143,"column":67}},"68":{"start":{"line":144,"column":4},"end":{"line":144,"column":61}},"69":{"start":{"line":151,"column":4},"end":{"line":159,"column":6}},"70":{"start":{"line":152,"column":8},"end":{"line":152,"column":63}},"71":{"start":{"line":153,"column":8},"end":{"line":153,"column":69}},"72":{"start":{"line":154,"column":8},"end":{"line":154,"column":70}},"73":{"start":{"line":155,"column":8},"end":{"line":155,"column":63}},"74":{"start":{"line":156,"column":8},"end":{"line":156,"column":73}},"75":{"start":{"line":157,"column":8},"end":{"line":157,"column":31}},"76":{"start":{"line":158,"column":8},"end":{"line":158,"column":31}},"77":{"start":{"line":169,"column":4},"end":{"line":177,"column":7}},"78":{"start":{"line":170,"column":21},"end":{"line":170,"column":48}},"79":{"start":{"line":171,"column":8},"end":{"line":171,"column":37}},"80":{"start":{"line":172,"column":8},"end":{"line":172,"column":40}},"81":{"start":{"line":173,"column":18},"end":{"line":173,"column":45}},"82":{"start":{"line":174,"column":8},"end":{"line":174,"column":41}},"83":{"start":{"line":175,"column":8},"end":{"line":175,"column":32}},"84":{"start":{"line":176,"column":8},"end":{"line":176,"column":38}},"85":{"start":{"line":179,"column":0},"end":{"line":179,"column":38}},"86":{"start":{"line":185,"column":4},"end":{"line":187,"column":7}},"87":{"start":{"line":186,"column":8},"end":{"line":186,"column":81}},"88":{"start":{"line":194,"column":4},"end":{"line":196,"column":7}},"89":{"start":{"line":195,"column":8},"end":{"line":195,"column":80}},"90":{"start":{"line":203,"column":4},"end":{"line":205,"column":7}},"91":{"start":{"line":204,"column":8},"end":{"line":204,"column":62}}},"fnMap":{"0":{"name":"generateChoicePC","decl":{"start":{"line":20,"column":9},"end":{"line":20,"column":25}},"loc":{"start":{"line":20,"column":34},"end":{"line":24,"column":1}},"line":20},"1":{"name":"modulo","decl":{"start":{"line":29,"column":9},"end":{"line":29,"column":15}},"loc":{"start":{"line":29,"column":22},"end":{"line":32,"column":1}},"line":29},"2":{"name":"play","decl":{"start":{"line":37,"column":9},"end":{"line":37,"column":13}},"loc":{"start":{"line":37,"column":44},"end":{"line":48,"column":1}},"line":37},"3":{"name":"gameResult","decl":{"start":{"line":54,"column":9},"end":{"line":54,"column":19}},"loc":{"start":{"line":54,"column":62},"end":{"line":59,"column":1}},"line":54},"4":{"name":"pcVsPcMode","decl":{"start":{"line":66,"column":9},"end":{"line":66,"column":19}},"loc":{"start":{"line":66,"column":22},"end":{"line":72,"column":1}},"line":66},"5":{"name":"playerVsPcMode","decl":{"start":{"line":80,"column":9},"end":{"line":80,"column":23}},"loc":{"start":{"line":80,"column":26},"end":{"line":87,"column":1}},"line":80},"6":{"name":"playerVsPcGame","decl":{"start":{"line":92,"column":9},"end":{"line":92,"column":23}},"loc":{"start":{"line":92,"column":26},"end":{"line":114,"column":1}},"line":92},"7":{"name":"(anonymous_7)","decl":{"start":{"line":95,"column":20},"end":{"line":95,"column":21}},"loc":{"start":{"line":95,"column":42},"end":{"line":113,"column":5}},"line":95},"8":{"name":"(anonymous_8)","decl":{"start":{"line":97,"column":80},"end":{"line":97,"column":81}},"loc":{"start":{"line":97,"column":91},"end":{"line":112,"column":9}},"line":97},"9":{"name":"pcVsPcGame","decl":{"start":{"line":120,"column":9},"end":{"line":120,"column":19}},"loc":{"start":{"line":120,"column":22},"end":{"line":135,"column":1}},"line":120},"10":{"name":"switchPanels","decl":{"start":{"line":140,"column":9},"end":{"line":140,"column":21}},"loc":{"start":{"line":140,"column":24},"end":{"line":145,"column":1}},"line":140},"11":{"name":"addBackButtonListener","decl":{"start":{"line":150,"column":9},"end":{"line":150,"column":30}},"loc":{"start":{"line":150,"column":33},"end":{"line":160,"column":1}},"line":150},"12":{"name":"(anonymous_12)","decl":{"start":{"line":151,"column":69},"end":{"line":151,"column":70}},"loc":{"start":{"line":151,"column":80},"end":{"line":159,"column":5}},"line":151},"13":{"name":"createChoices","decl":{"start":{"line":168,"column":9},"end":{"line":168,"column":22}},"loc":{"start":{"line":168,"column":53},"end":{"line":178,"column":1}},"line":168},"14":{"name":"(anonymous_14)","decl":{"start":{"line":169,"column":20},"end":{"line":169,"column":21}},"loc":{"start":{"line":169,"column":42},"end":{"line":177,"column":5}},"line":169},"15":{"name":"disableChoices","decl":{"start":{"line":184,"column":9},"end":{"line":184,"column":23}},"loc":{"start":{"line":184,"column":32},"end":{"line":188,"column":1}},"line":184},"16":{"name":"(anonymous_16)","decl":{"start":{"line":185,"column":20},"end":{"line":185,"column":21}},"loc":{"start":{"line":185,"column":42},"end":{"line":187,"column":5}},"line":185},"17":{"name":"enableChoices","decl":{"start":{"line":193,"column":9},"end":{"line":193,"column":22}},"loc":{"start":{"line":193,"column":31},"end":{"line":197,"column":1}},"line":193},"18":{"name":"(anonymous_18)","decl":{"start":{"line":194,"column":20},"end":{"line":194,"column":21}},"loc":{"start":{"line":194,"column":42},"end":{"line":196,"column":5}},"line":194},"19":{"name":"deleteChoices","decl":{"start":{"line":202,"column":9},"end":{"line":202,"column":22}},"loc":{"start":{"line":202,"column":31},"end":{"line":206,"column":1}},"line":202},"20":{"name":"(anonymous_20)","decl":{"start":{"line":203,"column":20},"end":{"line":203,"column":21}},"loc":{"start":{"line":203,"column":42},"end":{"line":205,"column":5}},"line":203}},"branchMap":{"0":{"loc":{"start":{"line":31,"column":11},"end":{"line":31,"column":36}},"type":"cond-expr","locations":[{"start":{"line":31,"column":23},"end":{"line":31,"column":30}},{"start":{"line":31,"column":33},"end":{"line":31,"column":36}}],"line":31},"1":{"loc":{"start":{"line":40,"column":4},"end":{"line":42,"column":5}},"type":"if","locations":[{"start":{"line":40,"column":4},"end":{"line":42,"column":5}},{"start":{"line":40,"column":4},"end":{"line":42,"column":5}}],"line":40},"2":{"loc":{"start":{"line":43,"column":4},"end":{"line":47,"column":5}},"type":"if","locations":[{"start":{"line":43,"column":4},"end":{"line":47,"column":5}},{"start":{"line":43,"column":4},"end":{"line":47,"column":5}}],"line":43},"3":{"loc":{"start":{"line":102,"column":12},"end":{"line":111,"column":13}},"type":"switch","locations":[{"start":{"line":103,"column":16},"end":{"line":105,"column":26}},{"start":{"line":106,"column":16},"end":{"line":108,"column":26}},{"start":{"line":109,"column":16},"end":{"line":110,"column":78}}],"line":102},"4":{"loc":{"start":{"line":125,"column":4},"end":{"line":134,"column":5}},"type":"switch","locations":[{"start":{"line":126,"column":8},"end":{"line":128,"column":18}},{"start":{"line":129,"column":8},"end":{"line":131,"column":18}},{"start":{"line":132,"column":8},"end":{"line":133,"column":70}}],"line":125}},"s":{"0":1,"1":1,"2":1,"3":1,"4":1,"5":1,"6":1,"7":1,"8":1,"9":1,"10":1,"11":1,"12":1,"13":1,"14":0,"15":0,"16":0,"17":3,"18":3,"19":6,"20":6,"21":6,"22":3,"23":3,"24":2,"25":1,"26":1,"27":0,"28":0,"29":0,"30":0,"31":0,"32":0,"33":0,"34":0,"35":0,"36":0,"37":0,"38":0,"39":0,"40":0,"41":0,"42":0,"43":0,"44":0,"45":0,"46":0,"47":0,"48":0,"49":0,"50":0,"51":0,"52":0,"53":0,"54":0,"55":0,"56":0,"57":0,"58":0,"59":0,"60":0,"61":0,"62":0,"63":0,"64":0,"65":0,"66":0,"67":0,"68":0,"69":0,"70":0,"71":0,"72":0,"73":0,"74":0,"75":0,"76":0,"77":1,"78":3,"79":3,"80":3,"81":3,"82":3,"83":3,"84":3,"85":1,"86":0,"87":0,"88":0,"89":0,"90":0,"91":0},"f":{"0":0,"1":3,"2":6,"3":0,"4":0,"5":0,"6":0,"7":0,"8":0,"9":0,"10":0,"11":0,"12":0,"13":1,"14":3,"15":0,"16":0,"17":0,"18":0,"19":0,"20":0},"b":{"0":[2,1],"1":[3,3],"2":[2,1],"3":[0,0,0],"4":[0,0,0]},"_coverageSchema":"1a1c01bbd47fc00a2c39e90264f33305004495a9","hash":"9aadaf9d9732d89ebfd9bb39e5f1b4382e20ecfe"}
}
