{"total": {"lines":{"total":103,"covered":60,"skipped":0,"pct":58.25},"statements":{"total":103,"covered":60,"skipped":0,"pct":58.25},"functions":{"total":22,"covered":11,"skipped":0,"pct":50},"branches":{"total":9,"covered":6,"skipped":0,"pct":66.67}}
,"C:\\Users\\Marco\\Projects\\react\\rock-paper-scissors\\constants\\constants.js": {"lines":{"total":13,"covered":13,"skipped":0,"pct":100},"functions":{"total":0,"covered":0,"skipped":0,"pct":100},"statements":{"total":13,"covered":13,"skipped":0,"pct":100},"branches":{"total":0,"covered":0,"skipped":0,"pct":100}}
,"C:\\Users\\Marco\\Projects\\react\\rock-paper-scissors\\src\\index.js": {"lines":{"total":90,"covered":47,"skipped":0,"pct":52.22},"functions":{"total":22,"covered":11,"skipped":0,"pct":50},"statements":{"total":90,"covered":47,"skipped":0,"pct":52.22},"branches":{"total":9,"covered":6,"skipped":0,"pct":66.67}}
}
