{"total": {"lines":{"total":118,"covered":73,"skipped":0,"pct":61.86},"statements":{"total":118,"covered":73,"skipped":0,"pct":61.86},"functions":{"total":23,"covered":12,"skipped":0,"pct":52.17},"branches":{"total":11,"covered":8,"skipped":0,"pct":72.73}}
,"C:\\Users\\Marco\\Projects\\react\\rock-paper-scissors\\constants\\constants.js": {"lines":{"total":13,"covered":13,"skipped":0,"pct":100},"functions":{"total":0,"covered":0,"skipped":0,"pct":100},"statements":{"total":13,"covered":13,"skipped":0,"pct":100},"branches":{"total":0,"covered":0,"skipped":0,"pct":100}}
,"C:\\Users\\Marco\\Projects\\react\\rock-paper-scissors\\src\\index.js": {"lines":{"total":105,"covered":60,"skipped":0,"pct":57.14},"functions":{"total":23,"covered":12,"skipped":0,"pct":52.17},"statements":{"total":105,"covered":60,"skipped":0,"pct":57.14},"branches":{"total":11,"covered":8,"skipped":0,"pct":72.73}}
}
