TN:
SF:constants\constants.js
FNF:0
FNH:0
DA:1,1
DA:2,1
DA:3,1
DA:4,1
DA:5,1
DA:6,1
DA:7,1
DA:8,1
DA:9,1
DA:10,1
DA:11,1
DA:12,1
DA:13,1
LF:13
LH:13
BRF:0
BRH:0
end_of_record
TN:
SF:src\index.js
FN:28,premiumMode
FN:43,play
FN:62,pcVsPcMode
FN:76,playerVsPcMode
FN:88,playerVsPcGame
FN:91,(anonymous_5)
FN:93,(anonymous_6)
FN:106,pcVsPcGame
FN:115,showResult
FN:131,gameResult
FN:145,generateChoicePC
FN:154,modulo
FN:163,switchPanels
FN:174,addBackButtonListener
FN:175,(anonymous_14)
FN:193,createChoices
FN:194,(anonymous_16)
FN:210,disableChoices
FN:211,(anonymous_18)
FN:220,enableChoices
FN:221,(anonymous_20)
FN:230,deleteChoices
FN:231,(anonymous_22)
FNF:23
FNH:12
FNDA:2,premiumMode
FNDA:6,play
FNDA:0,pcVsPcMode
FNDA:0,playerVsPcMode
FNDA:0,playerVsPcGame
FNDA:0,(anonymous_5)
FNDA:0,(anonymous_6)
FNDA:0,pcVsPcGame
FNDA:0,showResult
FNDA:1,gameResult
FNDA:0,generateChoicePC
FNDA:3,modulo
FNDA:0,switchPanels
FNDA:0,addBackButtonListener
FNDA:0,(anonymous_14)
FNDA:6,createChoices
FNDA:20,(anonymous_16)
FNDA:1,disableChoices
FNDA:3,(anonymous_18)
FNDA:1,enableChoices
FNDA:3,(anonymous_20)
FNDA:2,deleteChoices
FNDA:8,(anonymous_22)
DA:1,1
DA:2,1
DA:3,1
DA:4,1
DA:5,1
DA:6,1
DA:7,1
DA:8,1
DA:9,1
DA:10,1
DA:11,1
DA:12,1
DA:13,1
DA:14,1
DA:15,1
DA:19,1
DA:20,1
DA:21,1
DA:22,1
DA:23,1
DA:29,2
DA:30,2
DA:31,1
DA:32,1
DA:34,1
DA:35,1
DA:38,1
DA:44,6
DA:45,6
DA:46,6
DA:47,3
DA:49,3
DA:50,2
DA:52,1
DA:55,1
DA:63,0
DA:64,0
DA:65,0
DA:66,0
DA:67,0
DA:77,0
DA:78,0
DA:79,0
DA:80,0
DA:81,0
DA:82,0
DA:89,0
DA:90,0
DA:91,0
DA:92,0
DA:93,0
DA:95,0
DA:96,0
DA:97,0
DA:107,0
DA:108,0
DA:109,0
DA:116,0
DA:118,0
DA:119,0
DA:121,0
DA:122,0
DA:124,0
DA:132,1
DA:133,1
DA:134,1
DA:137,1
DA:146,0
DA:147,0
DA:148,0
DA:155,3
DA:156,3
DA:164,0
DA:165,0
DA:166,0
DA:167,0
DA:168,0
DA:175,0
DA:176,0
DA:177,0
DA:178,0
DA:179,0
DA:180,0
DA:181,0
DA:182,0
DA:183,0
DA:194,6
DA:195,20
DA:196,20
DA:197,20
DA:198,20
DA:199,20
DA:200,20
DA:201,20
DA:202,20
DA:205,1
DA:211,1
DA:212,3
DA:215,1
DA:221,1
DA:222,3
DA:225,1
DA:231,2
DA:232,8
DA:235,1
LF:105
LH:60
BRDA:30,0,0,1
BRDA:30,0,1,1
BRDA:46,1,0,3
BRDA:46,1,1,3
BRDA:49,2,0,2
BRDA:49,2,1,1
BRDA:116,3,0,0
BRDA:116,3,1,0
BRDA:116,3,2,0
BRDA:156,4,0,2
BRDA:156,4,1,1
BRF:11
BRH:8
end_of_record
