TN:
SF:constants\constants.js
FNF:0
FNH:0
DA:1,1
DA:2,1
DA:3,1
DA:4,1
DA:5,1
DA:6,1
DA:7,1
DA:8,1
DA:9,1
DA:10,1
DA:11,1
DA:12,1
DA:13,1
LF:13
LH:13
BRF:0
BRH:0
end_of_record
TN:
SF:src\index.js
FN:20,play
FN:39,pcVsPcMode
FN:53,playerVsPcMode
FN:65,playerVsPcGame
FN:68,(anonymous_4)
FN:70,(anonymous_5)
FN:83,pcVsPcGame
FN:92,showResult
FN:108,gameResult
FN:122,generateChoicePC
FN:131,modulo
FN:140,switchPanels
FN:150,addBackButtonListener
FN:151,(anonymous_13)
FN:168,createChoices
FN:169,(anonymous_15)
FN:184,disableChoices
FN:185,(anonymous_17)
FN:193,enableChoices
FN:194,(anonymous_19)
FN:202,deleteChoices
FN:203,(anonymous_21)
FNF:22
FNH:5
FNDA:6,play
FNDA:0,pcVsPcMode
FNDA:0,playerVsPcMode
FNDA:0,playerVsPcGame
FNDA:0,(anonymous_4)
FNDA:0,(anonymous_5)
FNDA:0,pcVsPcGame
FNDA:0,showResult
FNDA:1,gameResult
FNDA:0,generateChoicePC
FNDA:3,modulo
FNDA:0,switchPanels
FNDA:0,addBackButtonListener
FNDA:0,(anonymous_13)
FNDA:3,createChoices
FNDA:9,(anonymous_15)
FNDA:0,disableChoices
FNDA:0,(anonymous_17)
FNDA:0,enableChoices
FNDA:0,(anonymous_19)
FNDA:0,deleteChoices
FNDA:0,(anonymous_21)
DA:1,1
DA:2,1
DA:3,1
DA:4,1
DA:5,1
DA:6,1
DA:7,1
DA:8,1
DA:9,1
DA:10,1
DA:11,1
DA:12,1
DA:13,1
DA:14,1
DA:15,1
DA:21,6
DA:22,6
DA:23,6
DA:24,3
DA:26,3
DA:27,2
DA:29,1
DA:32,1
DA:40,0
DA:41,0
DA:42,0
DA:43,0
DA:44,0
DA:54,0
DA:55,0
DA:56,0
DA:57,0
DA:58,0
DA:59,0
DA:66,0
DA:67,0
DA:68,0
DA:69,0
DA:70,0
DA:72,0
DA:73,0
DA:74,0
DA:84,0
DA:85,0
DA:86,0
DA:93,0
DA:95,0
DA:96,0
DA:98,0
DA:99,0
DA:101,0
DA:109,1
DA:110,1
DA:111,1
DA:114,1
DA:123,0
DA:124,0
DA:125,0
DA:132,3
DA:133,3
DA:141,0
DA:142,0
DA:143,0
DA:144,0
DA:151,0
DA:152,0
DA:153,0
DA:154,0
DA:155,0
DA:156,0
DA:157,0
DA:158,0
DA:169,3
DA:170,9
DA:171,9
DA:172,9
DA:173,9
DA:174,9
DA:175,9
DA:176,9
DA:179,1
DA:185,0
DA:186,0
DA:194,0
DA:195,0
DA:203,0
DA:204,0
LF:87
LH:38
BRDA:23,0,0,3
BRDA:23,0,1,3
BRDA:26,1,0,2
BRDA:26,1,1,1
BRDA:93,2,0,0
BRDA:93,2,1,0
BRDA:93,2,2,0
BRDA:133,3,0,2
BRDA:133,3,1,1
BRF:9
BRH:6
end_of_record
